



     *********************************
     Engelund & Hansen's formula(1967)
     *********************************


     Title:                               

     Options : SI unit             
               No size fraction    
               No side wall corr.  

     Input data
          Channel width     B =     60.00 m
          Flow depth        d =       .84 m
          Flow discharge    Q =    253.00 cms
          Energy slope      S =   .006782
          Water temperature T =      14.4 o C
          Bedform             =Unknown   
          D35                 =        1.80 mm
          D50                 =        3.00 mm
          D65                 =        6.50 mm
          D90                 =       13.50 mm
          Specific gravity Sg =      2.65
          Gradation Grd       =      2.50
          Dune height   Delta =       .00 m

     Results
          V     =        5.02 m/sec
          F     =        .004
          Theta =        1.15
          Phi   =       32.07

     Total bed material discharge
          qt       =        .561E-01 tons/sec/m
                   =        .485E+04 tons/day/m
          Qt       =        .337E+01 tons/sec
                   =        .291E+06 tons/day
     Sediment concentration
          Ct       =        .132E+05 ppm



     **************************************
     Yang(1973)'s and Yang(1979)'s formulas
     **************************************

     Title:                               

     Options : SI unit             
               No size fraction    
               No side wall corr.  

     Input data
          Channel width     B =     60.00 m
          Flow depth        d =       .84 m
          Flow discharge    Q =    253.00 cms
          Energy slope      S =   .006782
          Water temperature T =      14.4 o C
          Bedform             =Unknown   
          D35                 =        1.80 mm
          D50                 =        3.00 mm
          D65                 =        6.50 mm
          D90                 =       13.50 mm
          Specific gravity Sg =      2.65
          Gradation Grd       =      2.50
          Dune height   Delta =       .00 m


     Results
          Mean velocity                  V    =      5.02 m/sec
          Hydraulic radius               R    =       .82 m
          Kinematic viscosity            Nu   = .1166E-05 m2/sec


     Yang's method(1973)
     *******************

       I       Dm        Im      Vc/W         W        Ct 

       1     3.000     100.0     2.050      .257   10900.6

     Total bed material discharge
          qt       =        .463E-01 tons/sec/m
                   =        .400E+04 tons/day/m
          Qt       =        .278E+01 tons/sec
                   =        .240E+06 tons/day
        Sediment concentration
          Ct       =        .109E+05 ppm



     Yang's method(1979)
     *******************

       I       Dm        Im      Vc/W         W        Ct 

       1     3.000     100.0     2.050      .257   11389.5

     Total bed material discharge
          qt       =        .484E-01 tons/sec/m
                   =        .418E+04 tons/day/m
          Qt       =        .290E+01 tons/sec
                   =        .251E+06 tons/day
        Sediment concentration
          Ct       =        .114E+05 ppm

